Input Sequence --->
[ 0.5, 0.5, 0.5, 0.5 ]
Final --->
[ 0.6811763966906696,
  0.45551282030682005,
  0.49196510438472085,
  0.546630708179709 ]
memMat --->
[ [ 0.07619565922957733,
    0.8342632088089195,
    0.012546512134959857,
    0.8025229687977306,
    NaN ],
  [ -0.35460844564414706,
    -0.350915527928222,
    0.007465418854722502,
    0.04420486113141616,
    NaN ],
  [ 0.23568843250839366,
    0.13022243870675446,
    0.01753179385684553,
    -0.21498173495849113,
    NaN ],
  [ 0.6331672498745986,
    1.0954058519272287,
    0.0028897693299086806,
    0.3643460200058042,
    NaN ],
  [ 0.76987846704891,
    1.019224812350745,
    0.00595915385523193,
    -0.36682974529129436,
    NaN ] ]
weightings --- >
[ 0.007566500867398165,
  0.08163069881512473,
  0.8216056000648534,
  0.08163069903997033,
  0.007566501212653336 ]
Key --->
[ 0.9976436540367135,
  0.9992226675192477,
  0.9966904019783278,
  0.9980518458501186 ]
beta --->
0.6931471805599453
g --->
[ 0.9986970084315744 ]
shift --->
[ 0.0024018933815425493,
  0.002223490753226324,
  0.002788283961503614 ]
gamma --->
9.09601873995085
erase --->
[ 0.9970846209427716,
  0.9973184254867337,
  0.9966832823326918,
  0.9994092915412517 ]
add --->
[ 0.9983328438174232,
  0.9993592147611351,
  0.9995141079968296,
  0.9987489332862279 ]
