Learning step --->   
1999
memoryTape
[ 0.13610633815086748,
  0.22304405811161238,
  0.22304405811161238,
  0.1361063381508675 ]


erased
[ 0.4825924503409327 ]


add
[ 0.4994320268741012 ]


tapeWeights
[ 0.18537133395280475,
  0.3146286660471952,
  0.3146286660471952,
  0.18537133395280478 ]








------------------------ 

readINput 

[ 0.025230213462457827,
  0.07017605447340969,
  0.07017605447340969,
  0.025230213462457834 ]
inputLayer 

[ 0.025230213462457827,
  0.07017605447340969,
  0.07017605447340969,
  0.025230213462457834,
  0,
  0,
  0,
  0 ]
hiddenLayer 

[ 0.4941434564403945,
  0.5109706780997041,
  0.5206342985903233,
  0.5043851103403458,
  0.4939834784373399,
  0.5178024957360708,
  0.4884823800950329,
  0.5154723783477797,
  0.48879880081072974,
  0.48573519929375586,
  0.4987886378802641,
  0.5097884526580703,
  0.5042140965984335,
  0.47875268426852013,
  0.48707186094163396,
  0.5165127891409766,
  0.48706352079659077,
  0.5106972012122549,
  0.5200906859250586,
  0.5207973864777895 ]
headLayer 

[ 0.48016543762220476,
  0.4896648572622703,
  0.46017175398069954,
  0.5003435979925309,
  0.5510336973904401,
  0.5567734957129584,
  0.4901787979550731,
  0.41074946354041136,
  0.4471988975884339,
  0.5677057728916252,
  0.5005276964967859 ]
Output 

undefined
