[ 0.000009738055333501318,
  0.0012600896267389913,
  0.4365951742170155,
  0.5274518215453731,
  0.034626119716645115,
  0.00003769228038665195,
  0.00000968581406601085,
  0.000009678744441082725 ]
[ 0.00000883362290776821,
  0.000009059690762152607,
  0.0055501658867928415,
  0.5516823314193634,
  0.43309267072995505,
  0.009632398375023497,
  0.00001569802137972858,
  0.000008842253815655596 ]
[ 0.00000849681315745839,
  0.000008501296103852772,
  0.000009473439114487382,
  0.019021121137078507,
  0.6054927229524789,
  0.37262425680079836,
  0.0028254249465416667,
  0.000010002614726640553 ]
