[ 0.000008108048214419988,
  0.00000810215770106992,
  0.000008237153461410569,
  0.0075934914926757005,
  0.620025823511089,
  0.3655787722397585,
  0.006762284690848776,
  0.000015180706251141108 ]
[ 0.00000884381249138067,
  0.000007924031048931017,
  0.000007922745896388382,
  0.000009268701708407758,
  0.05017390494023197,
  0.665023277846686,
  0.28370453363132014,
  0.0010643242906168107 ]
[ 0.00042737683408502683,
  0.000008686691488930192,
  0.00000853780635995273,
  0.000008537492924010076,
  0.00002322302203001705,
  0.11856980516942105,
  0.6697886848262199,
  0.211165148157471 ]
